<?xml version="1.0" encoding="UTF-8"?>
<testsuite xmlns:xsi="http://www.w3.org/2001/XMLSchema-instance" xsi:noNamespaceSchemaLocation="https://maven.apache.org/surefire/maven-surefire-plugin/xsd/surefire-test-report.xsd" name="com.dynamodbconfig.AppTest" time="0.782" tests="1" errors="0" skipped="0" failures="0">
  <properties>
    <property name="java.specification.version" value="16"/>
    <property name="sun.cpu.isalist" value="amd64"/>
    <property name="sun.jnu.encoding" value="Cp1252"/>
    <property name="java.class.path" value="C:\Users\jonat\OneDrive\Área de Trabalho\Heroes-SpringWebflux-API-master\createtablesanddatas\target\test-classes;C:\Users\jonat\OneDrive\Área de Trabalho\Heroes-SpringWebflux-API-master\createtablesanddatas\target\classes;C:\Users\jonat\.m2\repository\software\amazon\awssdk\dynamodb\2.0.0-preview-9\dynamodb-2.0.0-preview-9.jar;C:\Users\jonat\.m2\repository\software\amazon\awssdk\core\2.0.0-preview-9\core-2.0.0-preview-9.jar;C:\Users\jonat\.m2\repository\org\slf4j\slf4j-api\1.7.25\slf4j-api-1.7.25.jar;C:\Users\jonat\.m2\repository\software\amazon\ion\ion-java\1.0.2\ion-java-1.0.2.jar;C:\Users\jonat\.m2\repository\com\fasterxml\jackson\core\jackson-databind\2.9.3\jackson-databind-2.9.3.jar;C:\Users\jonat\.m2\repository\com\fasterxml\jackson\core\jackson-annotations\2.9.0\jackson-annotations-2.9.0.jar;C:\Users\jonat\.m2\repository\com\fasterxml\jackson\core\jackson-core\2.9.3\jackson-core-2.9.3.jar;C:\Users\jonat\.m2\repository\com\fasterxml\jackson\jr\jackson-jr-objects\2.9.3\jackson-jr-objects-2.9.3.jar;C:\Users\jonat\.m2\repository\com\fasterxml\jackson\dataformat\jackson-dataformat-cbor\2.9.3\jackson-dataformat-cbor-2.9.3.jar;C:\Users\jonat\.m2\repository\software\amazon\awssdk\http-client-spi\2.0.0-preview-9\http-client-spi-2.0.0-preview-9.jar;C:\Users\jonat\.m2\repository\org\reactivestreams\reactive-streams\1.0.0.final\reactive-streams-1.0.0.final.jar;C:\Users\jonat\.m2\repository\software\amazon\awssdk\utils\2.0.0-preview-9\utils-2.0.0-preview-9.jar;C:\Users\jonat\.m2\repository\software\amazon\awssdk\apache-client\2.0.0-preview-9\apache-client-2.0.0-preview-9.jar;C:\Users\jonat\.m2\repository\software\amazon\awssdk\annotations\2.0.0-preview-9\annotations-2.0.0-preview-9.jar;C:\Users\jonat\.m2\repository\org\apache\httpcomponents\httpclient\4.5.4\httpclient-4.5.4.jar;C:\Users\jonat\.m2\repository\org\apache\httpcomponents\httpcore\4.4.7\httpcore-4.4.7.jar;C:\Users\jonat\.m2\repository\commons-logging\commons-logging\1.2\commons-logging-1.2.jar;C:\Users\jonat\.m2\repository\commons-codec\commons-codec\1.10\commons-codec-1.10.jar;C:\Users\jonat\.m2\repository\software\amazon\awssdk\netty-nio-client\2.0.0-preview-9\netty-nio-client-2.0.0-preview-9.jar;C:\Users\jonat\.m2\repository\io\netty\netty-codec-http\4.1.22.Final\netty-codec-http-4.1.22.Final.jar;C:\Users\jonat\.m2\repository\io\netty\netty-codec\4.1.22.Final\netty-codec-4.1.22.Final.jar;C:\Users\jonat\.m2\repository\io\netty\netty-handler\4.1.22.Final\netty-handler-4.1.22.Final.jar;C:\Users\jonat\.m2\repository\io\netty\netty-buffer\4.1.22.Final\netty-buffer-4.1.22.Final.jar;C:\Users\jonat\.m2\repository\io\netty\netty-transport\4.1.22.Final\netty-transport-4.1.22.Final.jar;C:\Users\jonat\.m2\repository\io\netty\netty-resolver\4.1.22.Final\netty-resolver-4.1.22.Final.jar;C:\Users\jonat\.m2\repository\io\netty\netty-transport-native-epoll\4.1.22.Final\netty-transport-native-epoll-4.1.22.Final-linux-x86_64.jar;C:\Users\jonat\.m2\repository\io\netty\netty-common\4.1.22.Final\netty-common-4.1.22.Final.jar;C:\Users\jonat\.m2\repository\io\netty\netty-transport-native-unix-common\4.1.22.Final\netty-transport-native-unix-common-4.1.22.Final.jar;C:\Users\jonat\.m2\repository\com\typesafe\netty\netty-reactive-streams-http\2.0.0\netty-reactive-streams-http-2.0.0.jar;C:\Users\jonat\.m2\repository\com\typesafe\netty\netty-reactive-streams\2.0.0\netty-reactive-streams-2.0.0.jar;C:\Users\jonat\.m2\repository\com\github\derjust\spring-data-dynamodb\5.0.4\spring-data-dynamodb-5.0.4.jar;C:\Users\jonat\.m2\repository\org\springframework\spring-context\5.0.4.RELEASE\spring-context-5.0.4.RELEASE.jar;C:\Users\jonat\.m2\repository\org\springframework\spring-aop\5.0.4.RELEASE\spring-aop-5.0.4.RELEASE.jar;C:\Users\jonat\.m2\repository\org\springframework\spring-beans\5.0.4.RELEASE\spring-beans-5.0.4.RELEASE.jar;C:\Users\jonat\.m2\repository\org\springframework\spring-core\5.0.4.RELEASE\spring-core-5.0.4.RELEASE.jar;C:\Users\jonat\.m2\repository\org\springframework\spring-jcl\5.0.4.RELEASE\spring-jcl-5.0.4.RELEASE.jar;C:\Users\jonat\.m2\repository\org\springframework\spring-expression\5.0.4.RELEASE\spring-expression-5.0.4.RELEASE.jar;C:\Users\jonat\.m2\repository\org\springframework\spring-tx\5.0.4.RELEASE\spring-tx-5.0.4.RELEASE.jar;C:\Users\jonat\.m2\repository\org\springframework\data\spring-data-commons\2.0.9.RELEASE\spring-data-commons-2.0.9.RELEASE.jar;C:\Users\jonat\.m2\repository\org\hibernate\validator\hibernate-validator\6.0.9.Final\hibernate-validator-6.0.9.Final.jar;C:\Users\jonat\.m2\repository\javax\validation\validation-api\2.0.1.Final\validation-api-2.0.1.Final.jar;C:\Users\jonat\.m2\repository\org\jboss\logging\jboss-logging\3.3.2.Final\jboss-logging-3.3.2.Final.jar;C:\Users\jonat\.m2\repository\com\fasterxml\classmate\1.3.4\classmate-1.3.4.jar;C:\Users\jonat\.m2\repository\com\amazonaws\aws-java-sdk-dynamodb\1.11.301\aws-java-sdk-dynamodb-1.11.301.jar;C:\Users\jonat\.m2\repository\com\amazonaws\aws-java-sdk-s3\1.11.301\aws-java-sdk-s3-1.11.301.jar;C:\Users\jonat\.m2\repository\com\amazonaws\aws-java-sdk-kms\1.11.301\aws-java-sdk-kms-1.11.301.jar;C:\Users\jonat\.m2\repository\com\amazonaws\aws-java-sdk-core\1.11.301\aws-java-sdk-core-1.11.301.jar;C:\Users\jonat\.m2\repository\joda-time\joda-time\2.8.1\joda-time-2.8.1.jar;C:\Users\jonat\.m2\repository\com\amazonaws\jmespath-java\1.11.301\jmespath-java-1.11.301.jar;C:\Users\jonat\.m2\repository\javax\enterprise\cdi-api\1.2\cdi-api-1.2.jar;C:\Users\jonat\.m2\repository\javax\el\javax.el-api\3.0.0\javax.el-api-3.0.0.jar;C:\Users\jonat\.m2\repository\javax\interceptor\javax.interceptor-api\1.2\javax.interceptor-api-1.2.jar;C:\Users\jonat\.m2\repository\javax\inject\javax.inject\1\javax.inject-1.jar;C:\Users\jonat\.m2\repository\junit\junit\4.11\junit-4.11.jar;C:\Users\jonat\.m2\repository\org\hamcrest\hamcrest-core\1.3\hamcrest-core-1.3.jar;"/>
    <property name="java.vm.vendor" value="Oracle Corporation"/>
    <property name="sun.arch.data.model" value="64"/>
    <property name="user.variant" value=""/>
    <property name="java.vendor.url" value="https://java.oracle.com/"/>
    <property name="user.timezone" value="America/Sao_Paulo"/>
    <property name="user.country.format" value="US"/>
    <property name="os.name" value="Windows 10"/>
    <property name="java.vm.specification.version" value="16"/>
    <property name="sun.java.launcher" value="SUN_STANDARD"/>
    <property name="user.country" value="BR"/>
    <property name="sun.boot.library.path" value="C:\Program Files\Java\jdk-16.0.1\bin"/>
    <property name="sun.java.command" value="C:\Users\jonat\AppData\Local\Temp\surefire14932948049607333950\surefirebooter17928402421465829607.jar C:\Users\jonat\AppData\Local\Temp\surefire14932948049607333950 2021-06-14T20-33-08_139-jvmRun1 surefire12944881983027871816tmp surefire_04689683121018289160tmp"/>
    <property name="jdk.debug" value="release"/>
    <property name="surefire.test.class.path" value="C:\Users\jonat\OneDrive\Área de Trabalho\Heroes-SpringWebflux-API-master\createtablesanddatas\target\test-classes;C:\Users\jonat\OneDrive\Área de Trabalho\Heroes-SpringWebflux-API-master\createtablesanddatas\target\classes;C:\Users\jonat\.m2\repository\software\amazon\awssdk\dynamodb\2.0.0-preview-9\dynamodb-2.0.0-preview-9.jar;C:\Users\jonat\.m2\repository\software\amazon\awssdk\core\2.0.0-preview-9\core-2.0.0-preview-9.jar;C:\Users\jonat\.m2\repository\org\slf4j\slf4j-api\1.7.25\slf4j-api-1.7.25.jar;C:\Users\jonat\.m2\repository\software\amazon\ion\ion-java\1.0.2\ion-java-1.0.2.jar;C:\Users\jonat\.m2\repository\com\fasterxml\jackson\core\jackson-databind\2.9.3\jackson-databind-2.9.3.jar;C:\Users\jonat\.m2\repository\com\fasterxml\jackson\core\jackson-annotations\2.9.0\jackson-annotations-2.9.0.jar;C:\Users\jonat\.m2\repository\com\fasterxml\jackson\core\jackson-core\2.9.3\jackson-core-2.9.3.jar;C:\Users\jonat\.m2\repository\com\fasterxml\jackson\jr\jackson-jr-objects\2.9.3\jackson-jr-objects-2.9.3.jar;C:\Users\jonat\.m2\repository\com\fasterxml\jackson\dataformat\jackson-dataformat-cbor\2.9.3\jackson-dataformat-cbor-2.9.3.jar;C:\Users\jonat\.m2\repository\software\amazon\awssdk\http-client-spi\2.0.0-preview-9\http-client-spi-2.0.0-preview-9.jar;C:\Users\jonat\.m2\repository\org\reactivestreams\reactive-streams\1.0.0.final\reactive-streams-1.0.0.final.jar;C:\Users\jonat\.m2\repository\software\amazon\awssdk\utils\2.0.0-preview-9\utils-2.0.0-preview-9.jar;C:\Users\jonat\.m2\repository\software\amazon\awssdk\apache-client\2.0.0-preview-9\apache-client-2.0.0-preview-9.jar;C:\Users\jonat\.m2\repository\software\amazon\awssdk\annotations\2.0.0-preview-9\annotations-2.0.0-preview-9.jar;C:\Users\jonat\.m2\repository\org\apache\httpcomponents\httpclient\4.5.4\httpclient-4.5.4.jar;C:\Users\jonat\.m2\repository\org\apache\httpcomponents\httpcore\4.4.7\httpcore-4.4.7.jar;C:\Users\jonat\.m2\repository\commons-logging\commons-logging\1.2\commons-logging-1.2.jar;C:\Users\jonat\.m2\repository\commons-codec\commons-codec\1.10\commons-codec-1.10.jar;C:\Users\jonat\.m2\repository\software\amazon\awssdk\netty-nio-client\2.0.0-preview-9\netty-nio-client-2.0.0-preview-9.jar;C:\Users\jonat\.m2\repository\io\netty\netty-codec-http\4.1.22.Final\netty-codec-http-4.1.22.Final.jar;C:\Users\jonat\.m2\repository\io\netty\netty-codec\4.1.22.Final\netty-codec-4.1.22.Final.jar;C:\Users\jonat\.m2\repository\io\netty\netty-handler\4.1.22.Final\netty-handler-4.1.22.Final.jar;C:\Users\jonat\.m2\repository\io\netty\netty-buffer\4.1.22.Final\netty-buffer-4.1.22.Final.jar;C:\Users\jonat\.m2\repository\io\netty\netty-transport\4.1.22.Final\netty-transport-4.1.22.Final.jar;C:\Users\jonat\.m2\repository\io\netty\netty-resolver\4.1.22.Final\netty-resolver-4.1.22.Final.jar;C:\Users\jonat\.m2\repository\io\netty\netty-transport-native-epoll\4.1.22.Final\netty-transport-native-epoll-4.1.22.Final-linux-x86_64.jar;C:\Users\jonat\.m2\repository\io\netty\netty-common\4.1.22.Final\netty-common-4.1.22.Final.jar;C:\Users\jonat\.m2\repository\io\netty\netty-transport-native-unix-common\4.1.22.Final\netty-transport-native-unix-common-4.1.22.Final.jar;C:\Users\jonat\.m2\repository\com\typesafe\netty\netty-reactive-streams-http\2.0.0\netty-reactive-streams-http-2.0.0.jar;C:\Users\jonat\.m2\repository\com\typesafe\netty\netty-reactive-streams\2.0.0\netty-reactive-streams-2.0.0.jar;C:\Users\jonat\.m2\repository\com\github\derjust\spring-data-dynamodb\5.0.4\spring-data-dynamodb-5.0.4.jar;C:\Users\jonat\.m2\repository\org\springframework\spring-context\5.0.4.RELEASE\spring-context-5.0.4.RELEASE.jar;C:\Users\jonat\.m2\repository\org\springframework\spring-aop\5.0.4.RELEASE\spring-aop-5.0.4.RELEASE.jar;C:\Users\jonat\.m2\repository\org\springframework\spring-beans\5.0.4.RELEASE\spring-beans-5.0.4.RELEASE.jar;C:\Users\jonat\.m2\repository\org\springframework\spring-core\5.0.4.RELEASE\spring-core-5.0.4.RELEASE.jar;C:\Users\jonat\.m2\repository\org\springframework\spring-jcl\5.0.4.RELEASE\spring-jcl-5.0.4.RELEASE.jar;C:\Users\jonat\.m2\repository\org\springframework\spring-expression\5.0.4.RELEASE\spring-expression-5.0.4.RELEASE.jar;C:\Users\jonat\.m2\repository\org\springframework\spring-tx\5.0.4.RELEASE\spring-tx-5.0.4.RELEASE.jar;C:\Users\jonat\.m2\repository\org\springframework\data\spring-data-commons\2.0.9.RELEASE\spring-data-commons-2.0.9.RELEASE.jar;C:\Users\jonat\.m2\repository\org\hibernate\validator\hibernate-validator\6.0.9.Final\hibernate-validator-6.0.9.Final.jar;C:\Users\jonat\.m2\repository\javax\validation\validation-api\2.0.1.Final\validation-api-2.0.1.Final.jar;C:\Users\jonat\.m2\repository\org\jboss\logging\jboss-logging\3.3.2.Final\jboss-logging-3.3.2.Final.jar;C:\Users\jonat\.m2\repository\com\fasterxml\classmate\1.3.4\classmate-1.3.4.jar;C:\Users\jonat\.m2\repository\com\amazonaws\aws-java-sdk-dynamodb\1.11.301\aws-java-sdk-dynamodb-1.11.301.jar;C:\Users\jonat\.m2\repository\com\amazonaws\aws-java-sdk-s3\1.11.301\aws-java-sdk-s3-1.11.301.jar;C:\Users\jonat\.m2\repository\com\amazonaws\aws-java-sdk-kms\1.11.301\aws-java-sdk-kms-1.11.301.jar;C:\Users\jonat\.m2\repository\com\amazonaws\aws-java-sdk-core\1.11.301\aws-java-sdk-core-1.11.301.jar;C:\Users\jonat\.m2\repository\joda-time\joda-time\2.8.1\joda-time-2.8.1.jar;C:\Users\jonat\.m2\repository\com\amazonaws\jmespath-java\1.11.301\jmespath-java-1.11.301.jar;C:\Users\jonat\.m2\repository\javax\enterprise\cdi-api\1.2\cdi-api-1.2.jar;C:\Users\jonat\.m2\repository\javax\el\javax.el-api\3.0.0\javax.el-api-3.0.0.jar;C:\Users\jonat\.m2\repository\javax\interceptor\javax.interceptor-api\1.2\javax.interceptor-api-1.2.jar;C:\Users\jonat\.m2\repository\javax\inject\javax.inject\1\javax.inject-1.jar;C:\Users\jonat\.m2\repository\junit\junit\4.11\junit-4.11.jar;C:\Users\jonat\.m2\repository\org\hamcrest\hamcrest-core\1.3\hamcrest-core-1.3.jar;"/>
    <property name="sun.cpu.endian" value="little"/>
    <property name="user.home" value="C:\Users\jonat"/>
    <property name="user.language" value="pt"/>
    <property name="java.specification.vendor" value="Oracle Corporation"/>
    <property name="java.version.date" value="2021-04-20"/>
    <property name="java.home" value="C:\Program Files\Java\jdk-16.0.1"/>
    <property name="file.separator" value="\"/>
    <property name="basedir" value="C:\Users\jonat\OneDrive\Área de Trabalho\Heroes-SpringWebflux-API-master\createtablesanddatas"/>
    <property name="java.vm.compressedOopsMode" value="32-bit"/>
    <property name="line.separator" value="&#10;"/>
    <property name="java.vm.specification.vendor" value="Oracle Corporation"/>
    <property name="java.specification.name" value="Java Platform API Specification"/>
    <property name="surefire.real.class.path" value="C:\Users\jonat\AppData\Local\Temp\surefire14932948049607333950\surefirebooter17928402421465829607.jar"/>
    <property name="user.script" value=""/>
    <property name="sun.management.compiler" value="HotSpot 64-Bit Tiered Compilers"/>
    <property name="java.runtime.version" value="16.0.1+9-24"/>
    <property name="user.name" value="jonat"/>
    <property name="path.separator" value=";"/>
    <property name="os.version" value="10.0"/>
    <property name="java.runtime.name" value="Java(TM) SE Runtime Environment"/>
    <property name="file.encoding" value="Cp1252"/>
    <property name="java.vm.name" value="Java HotSpot(TM) 64-Bit Server VM"/>
    <property name="localRepository" value="C:\Users\jonat\.m2\repository"/>
    <property name="java.vendor.url.bug" value="https://bugreport.java.com/bugreport/"/>
    <property name="java.io.tmpdir" value="C:\Users\jonat\AppData\Local\Temp\"/>
    <property name="java.version" value="16.0.1"/>
    <property name="user.dir" value="C:\Users\jonat\OneDrive\Área de Trabalho\Heroes-SpringWebflux-API-master\createtablesanddatas"/>
    <property name="os.arch" value="amd64"/>
    <property name="java.vm.specification.name" value="Java Virtual Machine Specification"/>
    <property name="user.language.format" value="en"/>
    <property name="sun.os.patch.level" value=""/>
    <property name="java.library.path" value="C:\Program Files\Java\jdk-16.0.1\bin;C:\WINDOWS\Sun\Java\bin;C:\WINDOWS\system32;C:\WINDOWS;C:\Program Files\Common Files\Oracle\Java\javapath;C:\WINDOWS\system32;C:\WINDOWS;C:\WINDOWS\System32\Wbem;C:\WINDOWS\System32\WindowsPowerShell\v1.0\;C:\WINDOWS\System32\OpenSSH\;C:\Program Files\Git\cmd;C:\Program Files\PostgreSQL\13\bin\;C:\maven\apache-maven-3.8.1\bin;C:\Program Files\Amazon\AWSCLIV2\;C:\Program Files\MySQL\MySQL Shell 8.0\bin\;C:\Users\jonat\AppData\Local\Microsoft\WindowsApps;C:\Users\jonat\AppData\Local\Programs\Microsoft VS Code\bin;C:\Program Files\Java\jdk-16.0.1;;."/>
    <property name="java.vm.info" value="mixed mode, sharing"/>
    <property name="java.vendor" value="Oracle Corporation"/>
    <property name="java.vm.version" value="16.0.1+9-24"/>
    <property name="sun.io.unicode.encoding" value="UnicodeLittle"/>
    <property name="java.class.version" value="60.0"/>
  </properties>
  <testcase name="shouldAnswerWithTrue" classname="com.dynamodbconfig.AppTest" time="0.002"/>
</testsuite>